<?xml version="1.0" encoding="UTF-8"?>
<testsuite xmlns:xsi="http://www.w3.org/2001/XMLSchema-instance" xsi:noNamespaceSchemaLocation="https://maven.apache.org/surefire/maven-surefire-plugin/xsd/surefire-test-report.xsd" name="services.CalculatorTest" time="0.057" tests="5" errors="0" skipped="0" failures="0">
  <properties>
[...]
</properties>
  <testcase name="subtraction" classname="services.CalculatorTest" time="0.022"/>
  <testcase name="addition" classname="services.CalculatorTest" time="0"/>
  <testcase name="division" classname="services.CalculatorTest" time="0.001"/>
  <testcase name="multiplication" classname="services.CalculatorTest" time="0.001"/>
  <testcase name="calculateExpression" classname="services.CalculatorTest" time="0.023"/>
</testsuite>